[0.498s] Invoking command in '/home/steven/ros2/src/task1': PYTHONPATH=/home/steven/ros2/build/task1/prefix_override:/usr/lib/python3/dist-packages/colcon_core/task/python/colcon_distutils_commands:/home/steven/ros2/install/task1/lib/python3.10/site-packages:${PYTHONPATH} /usr/bin/python3 -W ignore:setup.py install is deprecated -W ignore:easy_install command is deprecated setup.py egg_info --egg-base ../../build/task1 build --build-base /home/steven/ros2/build/task1/build install --record /home/steven/ros2/build/task1/install.log --single-version-externally-managed install_data
[0.677s] running egg_info
[0.677s] creating ../../build/task1/task1.egg-info
[0.677s] writing ../../build/task1/task1.egg-info/PKG-INFO
[0.677s] writing dependency_links to ../../build/task1/task1.egg-info/dependency_links.txt
[0.678s] writing entry points to ../../build/task1/task1.egg-info/entry_points.txt
[0.678s] writing requirements to ../../build/task1/task1.egg-info/requires.txt
[0.678s] writing top-level names to ../../build/task1/task1.egg-info/top_level.txt
[0.678s] writing manifest file '../../build/task1/task1.egg-info/SOURCES.txt'
[0.679s] reading manifest file '../../build/task1/task1.egg-info/SOURCES.txt'
[0.679s] writing manifest file '../../build/task1/task1.egg-info/SOURCES.txt'
[0.679s] running build
[0.679s] running build_py
[0.679s] creating /home/steven/ros2/build/task1/build
[0.679s] creating /home/steven/ros2/build/task1/build/lib
[0.680s] creating /home/steven/ros2/build/task1/build/lib/task1
[0.680s] copying task1/__init__.py -> /home/steven/ros2/build/task1/build/lib/task1
[0.680s] copying task1/node2.py -> /home/steven/ros2/build/task1/build/lib/task1
[0.680s] copying task1/node1.py -> /home/steven/ros2/build/task1/build/lib/task1
[0.680s] running install
[0.680s] running install_lib
[0.680s] creating /home/steven/ros2/install/task1/lib/python3.10/site-packages/task1
[0.681s] copying /home/steven/ros2/build/task1/build/lib/task1/__init__.py -> /home/steven/ros2/install/task1/lib/python3.10/site-packages/task1
[0.681s] copying /home/steven/ros2/build/task1/build/lib/task1/node2.py -> /home/steven/ros2/install/task1/lib/python3.10/site-packages/task1
[0.681s] copying /home/steven/ros2/build/task1/build/lib/task1/node1.py -> /home/steven/ros2/install/task1/lib/python3.10/site-packages/task1
[0.681s] byte-compiling /home/steven/ros2/install/task1/lib/python3.10/site-packages/task1/__init__.py to __init__.cpython-310.pyc
[0.681s] byte-compiling /home/steven/ros2/install/task1/lib/python3.10/site-packages/task1/node2.py to node2.cpython-310.pyc
[0.682s] byte-compiling /home/steven/ros2/install/task1/lib/python3.10/site-packages/task1/node1.py to node1.cpython-310.pyc
[0.682s] running install_data
[0.682s] creating /home/steven/ros2/install/task1/share/ament_index
[0.682s] creating /home/steven/ros2/install/task1/share/ament_index/resource_index
[0.682s] creating /home/steven/ros2/install/task1/share/ament_index/resource_index/packages
[0.682s] copying resource/task1 -> /home/steven/ros2/install/task1/share/ament_index/resource_index/packages
[0.682s] copying package.xml -> /home/steven/ros2/install/task1/share/task1
[0.682s] running install_egg_info
[0.684s] Copying ../../build/task1/task1.egg-info to /home/steven/ros2/install/task1/lib/python3.10/site-packages/task1-0.0.0-py3.10.egg-info
[0.685s] running install_scripts
[0.702s] Installing node1 script to /home/steven/ros2/install/task1/lib/task1
[0.702s] Installing node2 script to /home/steven/ros2/install/task1/lib/task1
[0.702s] writing list of installed files to '/home/steven/ros2/build/task1/install.log'
[0.730s] Invoked command in '/home/steven/ros2/src/task1' returned '0': PYTHONPATH=/home/steven/ros2/build/task1/prefix_override:/usr/lib/python3/dist-packages/colcon_core/task/python/colcon_distutils_commands:/home/steven/ros2/install/task1/lib/python3.10/site-packages:${PYTHONPATH} /usr/bin/python3 -W ignore:setup.py install is deprecated -W ignore:easy_install command is deprecated setup.py egg_info --egg-base ../../build/task1 build --build-base /home/steven/ros2/build/task1/build install --record /home/steven/ros2/build/task1/install.log --single-version-externally-managed install_data
